GROUP,PACKAGE,CLASS,INSTRUCTION_MISSED,INSTRUCTION_COVERED,BRANCH_MISSED,BRANCH_COVERED,LINE_MISSED,LINE_COVERED,COMPLEXITY_MISSED,COMPLEXITY_COVERED,METHOD_MISSED,METHOD_COVERED
truyum-spring,com.cognizant.truyum.dao,MenuItemDaoCollectionImpl,2,94,1,13,1,20,1,11,0,5
truyum-spring,com.cognizant.truyum.dao,CartDaoCollectionImpl,24,134,5,11,4,33,4,8,0,4
truyum-spring,com.cognizant.truyum.dao,CartEmptyException,0,3,0,0,0,2,0,1,0,1
truyum-spring,com.cognizant.truyum.service,MenuItemService,0,21,0,0,0,6,0,5,0,5
truyum-spring,com.cognizant.truyum.service,CartService,0,23,0,0,0,7,0,4,0,4
truyum-spring,com.cognizant.truyum.model,MenuItem,71,69,3,5,18,27,8,15,5,14
truyum-spring,com.cognizant.truyum.model,Cart,7,16,0,0,3,7,2,3,2,3
truyum-spring,com.cognizant.truyum.util,DateUtil,18,0,0,0,7,0,2,0,2,0
