<?xml version="1.0" encoding="UTF-8"?>
<testsuite xmlns:xsi="http://www.w3.org/2001/XMLSchema-instance" xsi:noNamespaceSchemaLocation="https://maven.apache.org/surefire/maven-surefire-plugin/xsd/surefire-test-report.xsd" name="com.cognizant.truyum.service.MenuItemServiceTest" time="0.77" tests="14" errors="0" skipped="0" failures="0">
  <properties>
[...]
</properties>
  <testcase name="testModifyMenuItem" classname="com.cognizant.truyum.service.MenuItemServiceTest" time="0.046"/>
  <testcase name="testGetMenuItemListAdminSize" classname="com.cognizant.truyum.service.MenuItemServiceTest" time="0.056"/>
  <testcase name="testGetMenuItemListAdminContainsItems{String}[1]" classname="com.cognizant.truyum.service.MenuItemServiceTest" time="0.078"/>
  <testcase name="testGetMenuItemListAdminContainsItems{String}[2]" classname="com.cognizant.truyum.service.MenuItemServiceTest" time="0.051"/>
  <testcase name="testGetMenuItemListAdminContainsItems{String}[3]" classname="com.cognizant.truyum.service.MenuItemServiceTest" time="0.046"/>
  <testcase name="testGetMenuItemListAdminContainsItems{String}[4]" classname="com.cognizant.truyum.service.MenuItemServiceTest" time="0.045"/>
  <testcase name="testGetMenuItemListAdminContainsItems{String}[5]" classname="com.cognizant.truyum.service.MenuItemServiceTest" time="0.046"/>
  <testcase name="testGetMenuItemListCustomerNotContainsItems{String}[1]" classname="com.cognizant.truyum.service.MenuItemServiceTest" time="0.047"/>
  <testcase name="testGetMenuItemListCustomerNotContainsItems{String}[2]" classname="com.cognizant.truyum.service.MenuItemServiceTest" time="0.042"/>
  <testcase name="testGetMenuItem" classname="com.cognizant.truyum.service.MenuItemServiceTest" time="0.039"/>
  <testcase name="testGetMenuItemListCustomerSize" classname="com.cognizant.truyum.service.MenuItemServiceTest" time="0.039"/>
  <testcase name="testGetMenuItemListCustomerContainsItems{String}[1]" classname="com.cognizant.truyum.service.MenuItemServiceTest" time="0.057"/>
  <testcase name="testGetMenuItemListCustomerContainsItems{String}[2]" classname="com.cognizant.truyum.service.MenuItemServiceTest" time="0.064"/>
  <testcase name="testGetMenuItemListCustomerContainsItems{String}[3]" classname="com.cognizant.truyum.service.MenuItemServiceTest" time="0.059"/>
</testsuite>